<?xml version="1.0" encoding="UTF-8"?>
<testsuite name="com.powerhouse.ws.service.EnergyProcessorServiceTest" time="0.273" tests="4" errors="0" skipped="0" failures="0">
  <properties>
[...]
</properties>
  <testcase name="deleteMeterReadingTest" classname="com.powerhouse.ws.service.EnergyProcessorServiceTest" time="0.252"/>
  <testcase name="updateMeterReadingTest" classname="com.powerhouse.ws.service.EnergyProcessorServiceTest" time="0.009"/>
  <testcase name="getMeterTest" classname="com.powerhouse.ws.service.EnergyProcessorServiceTest" time="0.008"/>
  <testcase name="createMeterReadingsTest" classname="com.powerhouse.ws.service.EnergyProcessorServiceTest" time="0.004"/>
</testsuite>